[LOG] System::create                           : Header version = 2.00.08. Current version = 2.00.08.
[LOG] Manager::init                            : maxchannels = 256 studioflags = 00000006 flags 00000000 extradriverdata 0000000000000000.
[LOG] SystemI::init                            : Initialize version=20008 (108014), maxchannels=256, flags=0x00020000
[LOG] SystemI::setOutputInternal               : Setting output to 'FMOD WASAPI Output'
[LOG] OutputWASAPI::init                       : Mix Format (WAVEFORMATEX): wFormatTag=0xFFFE, nChannels=2, nSamplesPerSec=48000, nAvgBytesPerSec=384000, nBlockAlign=8, wBitsPerSample=32, cbSize=22.
[LOG] OutputWASAPI::init                       : Mix Format (WAVEFORMATEXTENSIBLE): wValidBitsPerSample=32, dwChannelMask=0x00000003, SubFormat=00000003-0000-0010-8000-00AA00389B71.
[LOG] OutputWASAPI::init                       : Output buffer size: 4096 samples, latency: 0.00ms, period: 10.00ms, DSP buffer: 1024 * 4
[LOG] Thread::initThread                       : Init FMOD stream thread. Priority: 2, Stack Size: 98304, Semaphore: No, Sleep Time: 10, Looping: Yes.
[LOG] Thread::initThread                       : Init FMOD mixer thread. Priority: 3, Stack Size: 81920, Semaphore: No, Sleep Time: 0, Looping: Yes.
[LOG] AsyncManager::init                       : manager 0000018F28C673D8 isAsync 0 updatePeriod 0.02
[LOG] AsyncManager::init                       : done
[LOG] PlaybackSystem::init                     : 
[LOG] Thread::initThread                       : Init FMOD Studio sample load thread. Priority: 0, Stack Size: 98304, Semaphore: No, Sleep Time: 1, Looping: No.
[LOG] PlaybackSystem::init                     : done
[LOG] Thread::initThread                       : Init FMOD Studio bank load thread. Priority: 0, Stack Size: 98304, Semaphore: No, Sleep Time: 1, Looping: No.
[LOG] Manager::init                            : done.
[LOG] Manager::readBank                        : fileversion = 123, compatVersion = 119 (oldest = 44, newest = 125)
[LOG] SystemI::createSoundInternal             : Create name='', mode=0x02000202
[LOG] SystemI::createSoundInternal             : exinfo->cbsize             = 224
[LOG] SystemI::createSoundInternal             : exinfo->length             = 22164768
[LOG] SystemI::createSoundInternal             : exinfo->fileoffset         = 58880
[LOG] SystemI::createSoundInternal             : exinfo->numsubsounds       = 1
[LOG] SystemI::createSoundInternal             : exinfo->inclusionlist      = 0000008616E7F3EC
[LOG] SystemI::createSoundInternal             : exinfo->inclusionlistnum   = 1
[LOG] SystemI::createSoundInternal             : exinfo->suggestedsoundtype = 5
[LOG] SystemI::createSoundInternal             : exinfo->useropen           = 00007FF8202CC320
[LOG] SystemI::createSoundInternal             : exinfo->userclose          = 00007FF8202CC2F0
[LOG] SystemI::createSoundInternal             : exinfo->userread           = 00007FF8202CC3F0
[LOG] SystemI::createSoundInternal             : exinfo->userseek           = 00007FF8202CC4B0
[LOG] SystemI::createSoundInternal             : exinfo->fileuserdata       = 0000018EAB9D0A88
[LOG] SystemI::createSoundInternal             : exinfo->initialseekpostype = 1
[LOG] SystemI::DSPCodecPoolRegister            : register codec pool for pool type 5
[LOG] SystemI::createSoundInternal             : Sample 0/1: name='Lance_effect', format=2, channels=2, frequency=48000, lengthbytes=27840, lengthpcm=106579, pcmblocksize=0, loopstart=0, loopend=0, mode=0x00000000, channelmask=0x00000000, channelorder=0, peakvolume=0.072113.
[LOG] SystemI::createSoundInternal             : Create name='', mode=0x02000202
[LOG] SystemI::createSoundInternal             : exinfo->cbsize             = 224
[LOG] SystemI::createSoundInternal             : exinfo->length             = 22164768
[LOG] SystemI::createSoundInternal             : exinfo->fileoffset         = 58880
[LOG] SystemI::createSoundInternal             : exinfo->numsubsounds       = 1
[LOG] SystemI::createSoundInternal             : exinfo->inclusionlist      = 0000008616E7F3EC
[LOG] SystemI::createSoundInternal             : exinfo->inclusionlistnum   = 1
[LOG] SystemI::createSoundInternal             : exinfo->suggestedsoundtype = 5
[LOG] SystemI::createSoundInternal             : exinfo->useropen           = 00007FF8202CC320
[LOG] SystemI::createSoundInternal             : exinfo->userclose          = 00007FF8202CC2F0
[LOG] SystemI::createSoundInternal             : exinfo->userread           = 00007FF8202CC3F0
[LOG] SystemI::createSoundInternal             : exinfo->userseek           = 00007FF8202CC4B0
[LOG] SystemI::createSoundInternal             : exinfo->fileuserdata       = 0000018EAB9D0A88
[LOG] SystemI::createSoundInternal             : exinfo->initialseekpostype = 1
[LOG] SystemI::DSPCodecPoolRegister            : register codec pool for pool type 5
[LOG] SystemI::createSoundInternal             : Sample 0/1: name='Swift4', format=2, channels=2, frequency=48000, lengthbytes=5248, lengthpcm=20062, pcmblocksize=0, loopstart=0, loopend=0, mode=0x00000000, channelmask=0x00000000, channelorder=0, peakvolume=0.908722.
[LOG] SystemI::createSoundInternal             : Create name='', mode=0x02000202
[LOG] SystemI::createSoundInternal             : exinfo->cbsize             = 224
[LOG] SystemI::createSoundInternal             : exinfo->length             = 22164768
[LOG] SystemI::createSoundInternal             : exinfo->fileoffset         = 58880
[LOG] SystemI::createSoundInternal             : exinfo->numsubsounds       = 1
[LOG] SystemI::createSoundInternal             : exinfo->inclusionlist      = 0000008616E7F3EC
[LOG] SystemI::createSoundInternal             : exinfo->inclusionlistnum   = 1
[LOG] SystemI::createSoundInternal             : exinfo->suggestedsoundtype = 5
[LOG] SystemI::createSoundInternal             : exinfo->useropen           = 00007FF8202CC320
[LOG] SystemI::createSoundInternal             : exinfo->userclose          = 00007FF8202CC2F0
[LOG] SystemI::createSoundInternal             : exinfo->userread           = 00007FF8202CC3F0
[LOG] SystemI::createSoundInternal             : exinfo->userseek           = 00007FF8202CC4B0
[LOG] SystemI::createSoundInternal             : exinfo->fileuserdata       = 0000018EAB9D0A88
[LOG] SystemI::createSoundInternal             : exinfo->initialseekpostype = 1
[LOG] SystemI::DSPCodecPoolRegister            : register codec pool for pool type 5
[LOG] SystemI::createSoundInternal             : Sample 0/1: name='Visee_Mix', format=2, channels=2, frequency=48000, lengthbytes=7552, lengthpcm=39376, pcmblocksize=0, loopstart=0, loopend=0, mode=0x00000000, channelmask=0x00000000, channelorder=0, peakvolume=0.162662.
[LOG] SystemI::createSound                     : filename = Projet-FMOD\Build\Desktop/Master.bank : mode 02010082
[LOG] SystemI::createSound                     : FMOD_NONBLOCKING specified.  Putting into queue to be opened asynchronously!
[LOG] SystemI::createSound                     : setdata soundi = 0000018F0DA0C258 : node = 0000018EC4DB4A40
[LOG] SystemI::createSound                     : add node to async list : head = 0000018EC8352E78.  list count = 0
[LOG] AsyncThread::threadFunc                  : Starting Asynchronous operation on sound 0000018F0DA0C258
[LOG] SystemI::createSoundInternal             :     Create name='Projet-FMOD\Build\Desktop/Master.bank', mode=0x02010082
[LOG] SystemI::createSoundInternal             :     exinfo->cbsize             = 224
[LOG] SystemI::createSoundInternal             :     exinfo->length             = 22164768
[LOG] SystemI::createSoundInternal             :     exinfo->fileoffset         = 58880
[LOG] SystemI::createSoundInternal             :     exinfo->numsubsounds       = 1
[LOG] SystemI::createSoundInternal             :     exinfo->inclusionlist      = 0000018EC4DB4B50
[LOG] SystemI::createSoundInternal             :     exinfo->inclusionlistnum   = 1
[LOG] SystemI::createSoundInternal             :     exinfo->suggestedsoundtype = 5
[LOG] SystemI::createSoundInternal             :     exinfo->initialseekposition = 12600
[LOG] SystemI::createSoundInternal             :     exinfo->initialseekpostype = 1
[LOG] SystemI::createSoundInternal             :     Stream 0/1: name='Lance_Ramassee', format=2, channels=2, frequency=48000, lengthbytes=1873216, lengthpcm=9709056, pcmblocksize=0, loopstart=0, loopend=0, mode=0x00000000, channelmask=0x00000000, channelorder=0, peakvolume=0.999969.
[LOG] AsyncThread::threadFunc                  : Finished Asynchronous operation on sound 0000018F0DA0C258
[LOG] SoundI::getSubSound                      : sound 0000018F0DA0C258.  Subsound index 0 / 1
[LOG] SoundI::release                          : Lance_Ramassee (0000018F0DA0C258)
[LOG] SoundI::release                          :     Lance_Ramassee (0000018EC83519A8)
[LOG] SoundI::release                          :     Lance_Ramassee (0000018F0DA0C0A8)
[LOG] SystemI::createSound                     : filename = Projet-FMOD\Build\Desktop/Master.bank : mode 02010082
[LOG] SystemI::createSound                     : FMOD_NONBLOCKING specified.  Putting into queue to be opened asynchronously!
[LOG] SystemI::createSound                     : setdata soundi = 0000018F0DA0C918 : node = 0000018EC4DB4900
[LOG] SystemI::createSound                     : add node to async list : head = 0000018EC8352E78.  list count = 0
[LOG] AsyncThread::threadFunc                  : Starting Asynchronous operation on sound 0000018F0DA0C918
[LOG] SystemI::createSoundInternal             :     Create name='Projet-FMOD\Build\Desktop/Master.bank', mode=0x02010082
[LOG] SystemI::createSoundInternal             :     exinfo->cbsize             = 224
[LOG] SystemI::createSoundInternal             :     exinfo->length             = 22164768
[LOG] SystemI::createSoundInternal             :     exinfo->fileoffset         = 58880
[LOG] SystemI::createSoundInternal             :     exinfo->numsubsounds       = 1
[LOG] SystemI::createSoundInternal             :     exinfo->inclusionlist      = 0000018EC4DB4A10
[LOG] SystemI::createSoundInternal             :     exinfo->inclusionlistnum   = 1
[LOG] SystemI::createSoundInternal             :     exinfo->suggestedsoundtype = 5
[LOG] SystemI::createSoundInternal             :     exinfo->initialseekposition = 21130
[LOG] SystemI::createSoundInternal             :     exinfo->initialseekpostype = 1
[LOG] SystemI::createSoundInternal             :     Stream 0/1: name='Teleportation', format=2, channels=2, frequency=48000, lengthbytes=1970560, lengthpcm=8470656, pcmblocksize=0, loopstart=0, loopend=0, mode=0x00000000, channelmask=0x00000000, channelorder=0, peakvolume=0.999969.
[LOG] AsyncThread::threadFunc                  : Finished Asynchronous operation on sound 0000018F0DA0C918
[LOG] SystemI::createSound                     : filename = Projet-FMOD\Build\Desktop/Master.bank : mode 02010082
[LOG] SystemI::createSound                     : FMOD_NONBLOCKING specified.  Putting into queue to be opened asynchronously!
[LOG] SystemI::createSound                     : setdata soundi = 0000018F0DA0C0A8 : node = 0000018EC4DB4540
[LOG] SystemI::createSound                     : add node to async list : head = 0000018EC8352E78.  list count = 0
[LOG] AsyncThread::threadFunc                  : Starting Asynchronous operation on sound 0000018F0DA0C0A8
[LOG] SystemI::createSoundInternal             :     Create name='Projet-FMOD\Build\Desktop/Master.bank', mode=0x02010082
[LOG] SoundI::getSubSound                      :     sound 0000018F0DA0C918.  Subsound index 0 / 1
[LOG] SystemI::createSoundInternal             :     exinfo->cbsize             = 224
[LOG] SystemI::createSoundInternal             :     exinfo->length             = 22164768
[LOG] SystemI::createSoundInternal             :     exinfo->fileoffset         = 58880
[LOG] SystemI::createSoundInternal             :     exinfo->numsubsounds       = 1
[LOG] SystemI::createSoundInternal             :     exinfo->inclusionlist      = 0000018EC4DB4650
[LOG] SystemI::createSoundInternal             :     exinfo->inclusionlistnum   = 1
[LOG] SystemI::createSoundInternal             :     exinfo->suggestedsoundtype = 5
[LOG] SystemI::createSoundInternal             :     exinfo->initialseekposition = 12600
[LOG] SystemI::createSoundInternal             :     exinfo->initialseekpostype = 1
[LOG] SystemI::createSoundInternal             :     Stream 0/1: name='Lance_Ramassee', format=2, channels=2, frequency=48000, lengthbytes=1873216, lengthpcm=9709056, pcmblocksize=0, loopstart=0, loopend=0, mode=0x00000000, channelmask=0x00000000, channelorder=0, peakvolume=0.999969.
[LOG] AsyncThread::threadFunc                  : Finished Asynchronous operation on sound 0000018F0DA0C0A8
[LOG] SoundI::getSubSound                      : sound 0000018F0DA0C0A8.  Subsound index 0 / 1
[LOG] SoundI::release                          : Teleportation (0000018F0DA0C918)
[LOG] SoundI::release                          :     Teleportation (0000018EC8353208)
[LOG] SoundI::release                          :     Teleportation (0000018F0DA0CAC8)
[LOG] SystemI::createSound                     : filename = Projet-FMOD\Build\Desktop/Master.bank : mode 02010082
[LOG] SystemI::createSound                     : FMOD_NONBLOCKING specified.  Putting into queue to be opened asynchronously!
[LOG] SystemI::createSound                     : setdata soundi = 0000018F0DA0C918 : node = 0000018EC4DB4B80
[LOG] SystemI::createSound                     : add node to async list : head = 0000018EC8352E78.  list count = 0
[LOG] AsyncThread::threadFunc                  : Starting Asynchronous operation on sound 0000018F0DA0C918
[LOG] SystemI::createSoundInternal             :     Create name='Projet-FMOD\Build\Desktop/Master.bank', mode=0x02010082
[LOG] SystemI::createSoundInternal             :     exinfo->cbsize             = 224
[LOG] SystemI::createSoundInternal             :     exinfo->length             = 22164768
[LOG] SystemI::createSoundInternal             :     exinfo->fileoffset         = 58880
[LOG] SystemI::createSoundInternal             :     exinfo->numsubsounds       = 1
[LOG] SystemI::createSoundInternal             :     exinfo->inclusionlist      = 0000018EC4DB4C90
[LOG] SystemI::createSoundInternal             :     exinfo->inclusionlistnum   = 1
[LOG] SystemI::createSoundInternal             :     exinfo->suggestedsoundtype = 5
[LOG] SystemI::createSoundInternal             :     exinfo->initialseekposition = 21130
[LOG] SystemI::createSoundInternal             :     exinfo->initialseekpostype = 1
[LOG] SystemI::createSoundInternal             :     Stream 0/1: name='Teleportation', format=2, channels=2, frequency=48000, lengthbytes=1970560, lengthpcm=8470656, pcmblocksize=0, loopstart=0, loopend=0, mode=0x00000000, channelmask=0x00000000, channelorder=0, peakvolume=0.999969.
[LOG] AsyncThread::threadFunc                  : Finished Asynchronous operation on sound 0000018F0DA0C918
[LOG] SystemI::createSound                     : filename = Projet-FMOD\Build\Desktop/Master.bank : mode 02010082
[LOG] SystemI::createSound                     : FMOD_NONBLOCKING specified.  Putting into queue to be opened asynchronously!
[LOG] SystemI::createSound                     : setdata soundi = 0000018EC1F95588 : node = 0000018EC4DB4CC0
[LOG] SystemI::createSound                     : add node to async list : head = 0000018EC8352E78.  list count = 0
[LOG] AsyncThread::threadFunc                  : Starting Asynchronous operation on sound 0000018EC1F95588
[LOG] SystemI::createSoundInternal             :     Create name='Projet-FMOD\Build\Desktop/Master.bank', mode=0x02010082
[LOG] SystemI::createSoundInternal             :     exinfo->cbsize             = 224
[LOG] SystemI::createSoundInternal             :     exinfo->length             = 22164768
[LOG] SystemI::createSoundInternal             :     exinfo->fileoffset         = 58880
[LOG] SystemI::createSoundInternal             :     exinfo->numsubsounds       = 1
[LOG] SystemI::createSoundInternal             :     exinfo->inclusionlist      = 0000018EC4DB4DD0
[LOG] SystemI::createSoundInternal             :     exinfo->inclusionlistnum   = 1
[LOG] SoundI::getSubSound                      :     sound 0000018F0DA0C918.  Subsound index 0 / 1
[LOG] SystemI::createSoundInternal             :     exinfo->suggestedsoundtype = 5
[LOG] SystemI::createSoundInternal             :     exinfo->initialseekposition = 12600
[LOG] SystemI::createSoundInternal             :     exinfo->initialseekpostype = 1
[LOG] SystemI::createSoundInternal             :     Stream 0/1: name='Lance_Ramassee', format=2, channels=2, frequency=48000, lengthbytes=1873216, lengthpcm=9709056, pcmblocksize=0, loopstart=0, loopend=0, mode=0x00000000, channelmask=0x00000000, channelorder=0, peakvolume=0.999969.
[LOG] SystemI::createSoundInternal             :     Create name='', mode=0x02000202
[LOG] SystemI::createSoundInternal             :     exinfo->cbsize             = 224
[LOG] SystemI::createSoundInternal             :     exinfo->length             = 22164768
[LOG] SystemI::createSoundInternal             :     exinfo->fileoffset         = 58880
[LOG] SystemI::createSoundInternal             :     exinfo->numsubsounds       = 1
[LOG] SystemI::createSoundInternal             :     exinfo->inclusionlist      = 0000008616E7F3EC
[LOG] SystemI::createSoundInternal             :     exinfo->inclusionlistnum   = 1
[LOG] SystemI::createSoundInternal             :     exinfo->suggestedsoundtype = 5
[LOG] SystemI::createSoundInternal             :     exinfo->useropen           = 00007FF8202CC320
[LOG] SystemI::createSoundInternal             :     exinfo->userclose          = 00007FF8202CC2F0
[LOG] SystemI::createSoundInternal             :     exinfo->userread           = 00007FF8202CC3F0
[LOG] SystemI::createSoundInternal             :     exinfo->userseek           = 00007FF8202CC4B0
[LOG] SystemI::createSoundInternal             :     exinfo->fileuserdata       = 0000018EC1DE5AE8
[LOG] SystemI::createSoundInternal             :     exinfo->initialseekpostype = 1
[LOG] SystemI::DSPCodecPoolRegister            :     register codec pool for pool type 5
[LOG] SystemI::createSoundInternal             :     Sample 0/1: name='Spawn', format=2, channels=2, frequency=48000, lengthbytes=35648, lengthpcm=150075, pcmblocksize=0, loopstart=0, loopend=0, mode=0x00000000, channelmask=0x00000000, channelorder=0, peakvolume=0.031647.
[LOG] AsyncThread::threadFunc                  : Finished Asynchronous operation on sound 0000018EC1F95588
[LOG] SoundI::getSubSound                      : sound 0000018EC1F95588.  Subsound index 0 / 1
[LOG] SoundI::release                          : Lance_Ramassee (0000018F0DA0C0A8)
[LOG] SoundI::release                          :     Lance_Ramassee (0000018EC83543E8)
[LOG] SoundI::release                          :     Lance_Ramassee (0000018F0DA0C258)
[LOG] SoundI::release                          : Teleportation (0000018F0DA0C918)
[LOG] SoundI::release                          :     Teleportation (0000018EC8354F48)
[LOG] SoundI::release                          :     Teleportation (0000018F0DA0CAC8)
[LOG] SoundI::release                          : Lance_Ramassee (0000018EC1F95588)
[LOG] SoundI::release                          :     Lance_Ramassee (0000018EC8353208)
[LOG] SoundI::release                          :     Lance_Ramassee (0000018EC1F95078)
[LOG] Manager::readBank                        : fileversion = 123, compatVersion = 119 (oldest = 44, newest = 125)
[LOG] SystemI::createSoundInternal             : Create name='', mode=0x02000202
[LOG] SystemI::createSoundInternal             : exinfo->cbsize             = 224
[LOG] SystemI::createSoundInternal             : exinfo->length             = 22164768
[LOG] SystemI::createSoundInternal             : exinfo->fileoffset         = 58880
[LOG] SystemI::createSoundInternal             : exinfo->numsubsounds       = 1
[LOG] SystemI::createSoundInternal             : exinfo->inclusionlist      = 0000008616E7F3EC
[LOG] SystemI::createSoundInternal             : exinfo->inclusionlistnum   = 1
[LOG] SystemI::createSoundInternal             : exinfo->suggestedsoundtype = 5
[LOG] SystemI::createSoundInternal             : exinfo->useropen           = 00007FF8202CC320
[LOG] SystemI::createSoundInternal             : exinfo->userclose          = 00007FF8202CC2F0
[LOG] SystemI::createSoundInternal             : exinfo->userread           = 00007FF8202CC3F0
[LOG] SystemI::createSoundInternal             : exinfo->userseek           = 00007FF8202CC4B0
[LOG] SystemI::createSoundInternal             : exinfo->fileuserdata       = 0000018EC1DE5098
[LOG] SystemI::createSoundInternal             : exinfo->initialseekpostype = 1
[LOG] SystemI::DSPCodecPoolRegister            : register codec pool for pool type 5
[LOG] SystemI::createSoundInternal             : Sample 0/1: name='Punch2', format=2, channels=1, frequency=48000, lengthbytes=3136, lengthpcm=22569, pcmblocksize=0, loopstart=0, loopend=0, mode=0x00000000, channelmask=0x00000000, channelorder=0, peakvolume=0.812836.
[LOG] SystemI::createSoundInternal             : Create name='', mode=0x02000202
[LOG] SystemI::createSoundInternal             : exinfo->cbsize             = 224
[LOG] SystemI::createSoundInternal             : exinfo->length             = 22164768
[LOG] SystemI::createSoundInternal             : exinfo->fileoffset         = 58880
[LOG] SystemI::createSoundInternal             : exinfo->numsubsounds       = 1
[LOG] SystemI::createSoundInternal             : exinfo->inclusionlist      = 0000008616E7F3EC
[LOG] SystemI::createSoundInternal             : exinfo->inclusionlistnum   = 1
[LOG] SystemI::createSoundInternal             : exinfo->suggestedsoundtype = 5
[LOG] SystemI::createSoundInternal             : exinfo->useropen           = 00007FF8202CC320
[LOG] SystemI::createSoundInternal             : exinfo->userclose          = 00007FF8202CC2F0
[LOG] SystemI::createSoundInternal             : exinfo->userread           = 00007FF8202CC3F0
[LOG] SystemI::createSoundInternal             : exinfo->userseek           = 00007FF8202CC4B0
[LOG] SystemI::createSoundInternal             : exinfo->fileuserdata       = 0000018EC1DE5098
[LOG] SystemI::createSoundInternal             : exinfo->initialseekpostype = 1
[LOG] SystemI::DSPCodecPoolRegister            : register codec pool for pool type 5
[LOG] SystemI::createSoundInternal             : Sample 0/1: name='Punch1', format=2, channels=1, frequency=48000, lengthbytes=2848, lengthpcm=20062, pcmblocksize=0, loopstart=0, loopend=0, mode=0x00000000, channelmask=0x00000000, channelorder=0, peakvolume=0.999969.
[LOG] SystemI::createSoundInternal             : Create name='', mode=0x02000202
[LOG] SystemI::createSoundInternal             : exinfo->cbsize             = 224
[LOG] SystemI::createSoundInternal             : exinfo->length             = 22164768
[LOG] SystemI::createSoundInternal             : exinfo->fileoffset         = 58880
[LOG] SystemI::createSoundInternal             : exinfo->numsubsounds       = 1
[LOG] SystemI::createSoundInternal             : exinfo->inclusionlist      = 0000008616E7F3EC
[LOG] SystemI::createSoundInternal             : exinfo->inclusionlistnum   = 1
[LOG] SystemI::createSoundInternal             : exinfo->suggestedsoundtype = 5
[LOG] SystemI::createSoundInternal             : exinfo->useropen           = 00007FF8202CC320
[LOG] SystemI::createSoundInternal             : exinfo->userclose          = 00007FF8202CC2F0
[LOG] SystemI::createSoundInternal             : exinfo->userread           = 00007FF8202CC3F0
[LOG] SystemI::createSoundInternal             : exinfo->userseek           = 00007FF8202CC4B0
[LOG] SystemI::createSoundInternal             : exinfo->fileuserdata       = 0000018EC1DE5098
[LOG] SystemI::createSoundInternal             : exinfo->initialseekpostype = 1
[LOG] SystemI::DSPCodecPoolRegister            : register codec pool for pool type 5
[LOG] SystemI::createSoundInternal             : Sample 0/1: name='Sound design electrical accent distortion ascend rear to front to rear_BLASTWAVEFX_19288', format=2, channels=2, frequency=48000, lengthbytes=82656, lengthpcm=413779, pcmblocksize=0, loopstart=0, loopend=0, mode=0x00000000, channelmask=0x00000000, channelorder=0, peakvolume=0.227081.
[LOG] SystemI::createSound                     : filename = Projet-FMOD\Build\Desktop/Master.bank : mode 02010082
[LOG] SystemI::createSound                     : FMOD_NONBLOCKING specified.  Putting into queue to be opened asynchronously!
[LOG] SystemI::createSound                     : setdata soundi = 0000018EC1F95228 : node = 0000018F28EBAE70
[LOG] SystemI::createSound                     : add node to async list : head = 0000018EC8352E78.  list count = 0
[LOG] AsyncThread::threadFunc                  : Starting Asynchronous operation on sound 0000018EC1F95228
[LOG] SystemI::createSoundInternal             :     Create name='Projet-FMOD\Build\Desktop/Master.bank', mode=0x02010082
[LOG] SystemI::createSoundInternal             :     exinfo->cbsize             = 224
[LOG] SystemI::createSoundInternal             :     exinfo->length             = 22164768
[LOG] SystemI::createSoundInternal             :     exinfo->fileoffset         = 58880
[LOG] SystemI::createSoundInternal             :     exinfo->numsubsounds       = 1
[LOG] SystemI::createSoundInternal             :     exinfo->inclusionlist      = 0000018F28EBAF80
[LOG] SystemI::createSoundInternal             :     exinfo->inclusionlistnum   = 1
[LOG] SystemI::createSoundInternal             :     exinfo->suggestedsoundtype = 5
[LOG] SystemI::createSoundInternal             :     exinfo->initialseekposition = 585
[LOG] SystemI::createSoundInternal             :     exinfo->initialseekpostype = 1
[LOG] SystemI::createSoundInternal             :     Stream 0/1: name='Punch2bis', format=2, channels=2, frequency=48000, lengthbytes=2842688, lengthpcm=13963264, pcmblocksize=0, loopstart=0, loopend=0, mode=0x00000000, channelmask=0x00000000, channelorder=0, peakvolume=0.076202.
[LOG] AsyncThread::threadFunc                  : Finished Asynchronous operation on sound 0000018EC1F95228
[LOG] SoundI::getSubSound                      : sound 0000018EC1F95228.  Subsound index 0 / 1
[LOG] Manager::readBank                        : fileversion = 123, compatVersion = 119 (oldest = 44, newest = 125)
[LOG] SystemI::createSound                     : filename = Projet-FMOD\Build\Desktop/Master.bank : mode 02010082
[LOG] SystemI::createSound                     : FMOD_NONBLOCKING specified.  Putting into queue to be opened asynchronously!
[LOG] SystemI::createSound                     : setdata soundi = 0000018EC1F95DF8 : node = 0000018F28EBA0B0
[LOG] SystemI::createSound                     : add node to async list : head = 0000018EC8352E78.  list count = 0
[LOG] AsyncThread::threadFunc                  : Starting Asynchronous operation on sound 0000018EC1F95DF8
[LOG] SystemI::createSoundInternal             :     Create name='Projet-FMOD\Build\Desktop/Master.bank', mode=0x02010082
[LOG] SystemI::createSoundInternal             :     exinfo->cbsize             = 224
[LOG] SystemI::createSoundInternal             :     exinfo->length             = 22164768
[LOG] SystemI::createSoundInternal             :     exinfo->fileoffset         = 58880
[LOG] SystemI::createSoundInternal             :     exinfo->numsubsounds       = 1
[LOG] SystemI::createSoundInternal             :     exinfo->inclusionlist      = 0000018F28EBA1C0
[LOG] SystemI::createSoundInternal             :     exinfo->inclusionlistnum   = 1
[LOG] SystemI::createSoundInternal             :     exinfo->suggestedsoundtype = 5
[LOG] SystemI::createSoundInternal             :     exinfo->initialseekposition = 585
[LOG] SystemI::createSoundInternal             :     exinfo->initialseekpostype = 1
[LOG] SystemI::createSoundInternal             :     Stream 0/1: name='Punch2bis', format=2, channels=2, frequency=48000, lengthbytes=2842688, lengthpcm=13963264, pcmblocksize=0, loopstart=0, loopend=0, mode=0x00000000, channelmask=0x00000000, channelorder=0, peakvolume=0.076202.
[LOG] AsyncThread::threadFunc                  : Finished Asynchronous operation on sound 0000018EC1F95DF8
[LOG] SoundI::getSubSound                      : sound 0000018EC1F95DF8.  Subsound index 0 / 1
[LOG] SoundI::release                          : Punch2bis (0000018EC1F95228)
[LOG] SoundI::release                          :     Punch2bis (0000018EC83543E8)
[LOG] SoundI::release                          :     Punch2bis (0000018EC1F95588)
[LOG] SoundI::release                          : Punch2bis (0000018EC1F95DF8)
[LOG] SoundI::release                          :     Punch2bis (0000018EC8354F48)
[LOG] SoundI::release                          :     Punch2bis (0000018EC1F95C48)
[LOG] SoundI::release                          : Move (0000018F142D2E58)
[LOG] SoundI::release                          :     Move (0000018EC8353D68)
[LOG] SoundI::release                          :     Move (0000018F142D1508)
[LOG] SoundI::release                          :  (0000018EC09D2708)
[LOG] SoundI::release                          :     Spawn (0000018EC83550E8)
[LOG] SoundI::release                          :  (0000018EC09D3568)
[LOG] SoundI::release                          :     Swift4 (0000018EC8353068)
[LOG] SoundI::release                          :  (0000018EC09D0A48)
[LOG] SoundI::release                          :     Visee_Mix (0000018EC8354A68)
[LOG] SoundI::release                          :  (0000018EC09CF068)
[LOG] SoundI::release                          :     Lance_effect (0000018EC8354248)
[LOG] SoundI::release                          :  (0000018EC09D0BB8)
[LOG] SoundI::release                          :     Punch1 (0000018EC8353208)
[LOG] SoundI::release                          :  (0000018EC09D4538)
[LOG] SoundI::release                          :     Punch2 (0000018EC8352368)
[LOG] SoundI::release                          :  (0000018EC09D1A18)
[LOG] SoundI::release                          :     Sound design electrical accent distortion ascend rear to front to rear_BLASTWAVEFX_19288 (0000018EC8353A28)
[LOG] Thread::callback                         : FMOD Studio update thread finished.
[LOG] Thread::callback                         : FMOD Studio bank load thread finished.
[LOG] Profile::disconnectAll                   : Profiler disconnecting all clients
[LOG] Thread::callback                         : FMOD Studio sample load thread finished.
[LOG] LiveUpdate::release                      : 
[LOG] LiveUpdate::reset                        : Reset connection (reason Disconnected)
[LOG] Thread::callback                         : FMOD stream thread finished.
[LOG] Thread::callback                         : FMOD mixer thread finished.
[LOG] Profile::disconnectAll                   : Profiler disconnecting all clients
[LOG] SystemI::close                           : Closed.
